TN:
SF:C:\wamp\www\bulmatic\src\components\columns\Column.vue
FNF:0
FNH:0
DA:16,15
DA:20,12
DA:26,12
DA:32,17
LF:4
LH:4
BRDA:20,0,0,1
BRDA:20,0,1,11
BRDA:26,1,0,1
BRDA:26,1,1,11
BRF:4
BRH:4
end_of_record
TN:
SF:C:\wamp\www\bulmatic\src\components\columns\Columns.vue
FNF:0
FNH:0
DA:16,13
LF:1
LH:1
BRF:0
BRH:0
end_of_record
TN:
SF:C:\wamp\www\bulmatic\src\definitions\colors.js
FN:41,combile
FN:43,(anonymous_1)
FNF:2
FNH:2
FNDA:2,combile
FNDA:6,(anonymous_1)
DA:1,1
DA:8,1
DA:24,1
DA:33,1
DA:41,1
DA:42,2
DA:43,6
LF:7
LH:7
BRDA:43,0,0,6
BRDA:43,0,1,2
BRF:2
BRH:2
end_of_record
TN:
SF:C:\wamp\www\bulmatic\src\definitions\sizes.js
FNF:0
FNH:0
DA:1,1
LF:1
LH:1
BRF:0
BRH:0
end_of_record
TN:
SF:C:\wamp\www\bulmatic\src\definitions\props\column.js
FNF:0
FNH:0
DA:4,1
DA:11,1
LF:2
LH:2
BRF:0
BRH:0
end_of_record
TN:
SF:C:\wamp\www\bulmatic\src\definitions\props\columns.js
FNF:0
FNH:0
DA:3,1
LF:1
LH:1
BRF:0
BRH:0
end_of_record
TN:
SF:C:\wamp\www\bulmatic\src\functions\booleans-to-classes.js
FN:7,(anonymous_0)
FN:11,(anonymous_1)
FNF:2
FNH:2
FNDA:28,(anonymous_0)
FNDA:112,(anonymous_1)
DA:9,28
DA:11,112
LF:2
LH:2
BRDA:9,0,0,0
BRDA:9,0,1,28
BRDA:11,1,0,8
BRDA:11,1,1,104
BRF:4
BRH:3
end_of_record
TN:
SF:C:\wamp\www\bulmatic\src\functions\validators.js
FN:5,(anonymous_0)
FN:18,(anonymous_1)
FN:21,(anonymous_2)
FN:29,(anonymous_3)
FN:32,(anonymous_4)
FN:39,(anonymous_5)
FN:49,(anonymous_6)
FN:54,(anonymous_7)
FN:65,(anonymous_8)
FNF:9
FNH:3
FNDA:2,(anonymous_0)
FNDA:0,(anonymous_1)
FNDA:0,(anonymous_2)
FNDA:2,(anonymous_3)
FNDA:0,(anonymous_4)
FNDA:8,(anonymous_5)
FNDA:0,(anonymous_6)
FNDA:0,(anonymous_7)
FNDA:0,(anonymous_8)
DA:5,1
DA:6,2
DA:18,1
DA:21,0
DA:29,2
DA:32,0
DA:39,8
DA:49,1
DA:54,1
DA:65,1
LF:10
LH:8
BRDA:6,0,0,2
BRDA:6,0,1,0
BRDA:18,1,0,0
BRDA:21,2,0,0
BRDA:21,2,1,0
BRDA:29,3,0,0
BRDA:32,4,0,2
BRDA:32,4,1,2
BRDA:39,5,0,0
BRF:9
BRH:3
end_of_record
